[INFO ] 2024-05-12 14:51:55.077 [main] EqlApplication - Starting EqlApplication using Java 21.0.2 with PID 1720 (C:\Users\Formation\Desktop\EasyFly\target\classes started by Formation in C:\Users\Formation\Desktop\EasyFly)
[INFO ] 2024-05-12 14:51:55.087 [main] EqlApplication - No active profile set, falling back to 1 default profile: "default"
[INFO ] 2024-05-12 14:51:55.943 [main] RepositoryConfigurationDelegate - Bootstrapping Spring Data JPA repositories in DEFAULT mode.
[INFO ] 2024-05-12 14:51:56.145 [main] RepositoryConfigurationDelegate - Finished Spring Data repository scanning in 189 ms. Found 12 JPA repository interfaces.
[INFO ] 2024-05-12 14:51:57.089 [main] TomcatWebServer - Tomcat initialized with port 8081 (http)
[INFO ] 2024-05-12 14:51:57.107 [main] Http11NioProtocol - Initializing ProtocolHandler ["http-nio-8081"]
[INFO ] 2024-05-12 14:51:57.111 [main] StandardService - Starting service [Tomcat]
[INFO ] 2024-05-12 14:51:57.112 [main] StandardEngine - Starting Servlet engine: [Apache Tomcat/10.1.20]
[INFO ] 2024-05-12 14:51:57.170 [main] [/] - Initializing Spring embedded WebApplicationContext
[INFO ] 2024-05-12 14:51:57.172 [main] ServletWebServerApplicationContext - Root WebApplicationContext: initialization completed in 2037 ms
[INFO ] 2024-05-12 14:51:57.354 [main] LogHelper - HHH000204: Processing PersistenceUnitInfo [name: default]
[INFO ] 2024-05-12 14:51:57.427 [main] Version - HHH000412: Hibernate ORM core version 6.4.4.Final
[INFO ] 2024-05-12 14:51:57.464 [main] RegionFactoryInitiator - HHH000026: Second-level cache disabled
[INFO ] 2024-05-12 14:51:57.692 [main] SpringPersistenceUnitInfo - No LoadTimeWeaver setup: ignoring JPA class transformer
[INFO ] 2024-05-12 14:51:57.719 [main] HikariDataSource - HikariPool-1 - Starting...
[INFO ] 2024-05-12 14:51:57.858 [main] HikariPool - HikariPool-1 - Added connection com.mysql.cj.jdbc.ConnectionImpl@1ddf42dd
[INFO ] 2024-05-12 14:51:57.860 [main] HikariDataSource - HikariPool-1 - Start completed.
[WARN ] 2024-05-12 14:51:57.889 [main] deprecation - HHH90000025: MySQL8Dialect does not need to be specified explicitly using 'hibernate.dialect' (remove the property setting and it will be selected by default)
[WARN ] 2024-05-12 14:51:57.890 [main] deprecation - HHH90000026: MySQL8Dialect has been deprecated; use org.hibernate.dialect.MySQLDialect instead
[WARN ] 2024-05-12 14:51:58.085 [main] EntityBinder - HHH000457: Joined inheritance hierarchy [ai115.formation.eql.entity.Person] defined explicit @DiscriminatorColumn.  Legacy Hibernate behavior was to ignore the @DiscriminatorColumn.  However, as part of issue HHH-6911 we now apply the explicit @DiscriminatorColumn.  If you would prefer the legacy behavior, enable the `hibernate.discriminator.ignore_explicit_for_joined` setting (hibernate.discriminator.ignore_explicit_for_joined=true)
[INFO ] 2024-05-12 14:51:58.911 [main] JtaPlatformInitiator - HHH000489: No JTA platform available (set 'hibernate.transaction.jta.platform' to enable JTA platform integration)
[INFO ] 2024-05-12 14:52:00.261 [main] LocalContainerEntityManagerFactoryBean - Initialized JPA EntityManagerFactory for persistence unit 'default'
[INFO ] 2024-05-12 14:52:00.922 [main] DefaultSecurityFilterChain - Will secure any request with [org.springframework.security.web.session.DisableEncodeUrlFilter@705ebb4d, org.springframework.security.web.context.request.async.WebAsyncManagerIntegrationFilter@32a29361, org.springframework.security.web.context.SecurityContextHolderFilter@53c0424a, org.springframework.security.web.header.HeaderWriterFilter@66978c15, org.springframework.web.filter.CorsFilter@7d6ccad7, org.springframework.security.web.authentication.logout.LogoutFilter@18487f92, ai115.formation.eql.security.JWTAuthentificationFilter@2e7563f6, org.springframework.security.web.savedrequest.RequestCacheAwareFilter@408a0e92, org.springframework.security.web.servletapi.SecurityContextHolderAwareRequestFilter@2d18d9ed, org.springframework.security.web.authentication.AnonymousAuthenticationFilter@4d9ad37e, org.springframework.security.web.session.SessionManagementFilter@3958e148, org.springframework.security.web.access.ExceptionTranslationFilter@549b26d7, org.springframework.security.web.access.intercept.AuthorizationFilter@1d3bf0af]
[INFO ] 2024-05-12 14:52:01.199 [main] Http11NioProtocol - Starting ProtocolHandler ["http-nio-8081"]
[INFO ] 2024-05-12 14:52:01.222 [main] TomcatWebServer - Tomcat started on port 8081 (http) with context path ''
[INFO ] 2024-05-12 14:52:01.230 [main] EqlApplication - Started EqlApplication in 6.428 seconds (process running for 7.284)
[INFO ] 2024-05-12 14:52:47.295 [http-nio-8081-exec-2] [/] - Initializing Spring DispatcherServlet 'dispatcherServlet'
[INFO ] 2024-05-12 14:52:47.296 [http-nio-8081-exec-2] DispatcherServlet - Initializing Servlet 'dispatcherServlet'
[INFO ] 2024-05-12 14:52:47.298 [http-nio-8081-exec-2] DispatcherServlet - Completed initialization in 2 ms
