[INFO ] 2024-07-09 12:35:40.286 [main] EqlApplication - Starting EqlApplication using Java 21.0.2 with PID 19372 (C:\Users\Formation\Desktop\EasyFly\target\classes started by Formation in C:\Users\Formation\Desktop\EasyFly)
[INFO ] 2024-07-09 12:35:40.302 [main] EqlApplication - No active profile set, falling back to 1 default profile: "default"
[INFO ] 2024-07-09 12:35:41.278 [main] RepositoryConfigurationDelegate - Bootstrapping Spring Data JPA repositories in DEFAULT mode.
[INFO ] 2024-07-09 12:35:41.414 [main] RepositoryConfigurationDelegate - Finished Spring Data repository scanning in 123 ms. Found 12 JPA repository interfaces.
[INFO ] 2024-07-09 12:35:42.389 [main] TomcatWebServer - Tomcat initialized with port 8081 (http)
[INFO ] 2024-07-09 12:35:42.406 [main] Http11NioProtocol - Initializing ProtocolHandler ["http-nio-8081"]
[INFO ] 2024-07-09 12:35:42.410 [main] StandardService - Starting service [Tomcat]
[INFO ] 2024-07-09 12:35:42.410 [main] StandardEngine - Starting Servlet engine: [Apache Tomcat/10.1.20]
[INFO ] 2024-07-09 12:35:42.543 [main] [/] - Initializing Spring embedded WebApplicationContext
[INFO ] 2024-07-09 12:35:42.545 [main] ServletWebServerApplicationContext - Root WebApplicationContext: initialization completed in 2178 ms
[INFO ] 2024-07-09 12:35:42.819 [main] LogHelper - HHH000204: Processing PersistenceUnitInfo [name: default]
[INFO ] 2024-07-09 12:35:42.934 [main] Version - HHH000412: Hibernate ORM core version 6.4.4.Final
[INFO ] 2024-07-09 12:35:42.995 [main] RegionFactoryInitiator - HHH000026: Second-level cache disabled
[INFO ] 2024-07-09 12:35:43.371 [main] SpringPersistenceUnitInfo - No LoadTimeWeaver setup: ignoring JPA class transformer
[INFO ] 2024-07-09 12:35:43.416 [main] HikariDataSource - HikariPool-1 - Starting...
[INFO ] 2024-07-09 12:35:43.672 [main] HikariPool - HikariPool-1 - Added connection com.mysql.cj.jdbc.ConnectionImpl@5c4714ef
[INFO ] 2024-07-09 12:35:43.675 [main] HikariDataSource - HikariPool-1 - Start completed.
[WARN ] 2024-07-09 12:35:43.713 [main] deprecation - HHH90000025: MySQL8Dialect does not need to be specified explicitly using 'hibernate.dialect' (remove the property setting and it will be selected by default)
[WARN ] 2024-07-09 12:35:43.715 [main] deprecation - HHH90000026: MySQL8Dialect has been deprecated; use org.hibernate.dialect.MySQLDialect instead
[WARN ] 2024-07-09 12:35:44.007 [main] EntityBinder - HHH000457: Joined inheritance hierarchy [ai115.formation.eql.entity.Person] defined explicit @DiscriminatorColumn.  Legacy Hibernate behavior was to ignore the @DiscriminatorColumn.  However, as part of issue HHH-6911 we now apply the explicit @DiscriminatorColumn.  If you would prefer the legacy behavior, enable the `hibernate.discriminator.ignore_explicit_for_joined` setting (hibernate.discriminator.ignore_explicit_for_joined=true)
[INFO ] 2024-07-09 12:35:45.429 [main] JtaPlatformInitiator - HHH000489: No JTA platform available (set 'hibernate.transaction.jta.platform' to enable JTA platform integration)
[INFO ] 2024-07-09 12:35:47.159 [main] LocalContainerEntityManagerFactoryBean - Initialized JPA EntityManagerFactory for persistence unit 'default'
[INFO ] 2024-07-09 12:35:48.037 [main] DefaultSecurityFilterChain - Will secure any request with [org.springframework.security.web.session.DisableEncodeUrlFilter@4c5379f5, org.springframework.security.web.context.request.async.WebAsyncManagerIntegrationFilter@333d5a0c, org.springframework.security.web.context.SecurityContextHolderFilter@6527f68a, org.springframework.security.web.header.HeaderWriterFilter@145ce025, org.springframework.web.filter.CorsFilter@1abf38d1, org.springframework.security.web.authentication.logout.LogoutFilter@207358ad, ai115.formation.eql.security.JWTAuthentificationFilter@28705150, org.springframework.security.web.savedrequest.RequestCacheAwareFilter@77b0ff24, org.springframework.security.web.servletapi.SecurityContextHolderAwareRequestFilter@3958e148, org.springframework.security.web.authentication.AnonymousAuthenticationFilter@1d3bf0af, org.springframework.security.web.session.SessionManagementFilter@5e89e527, org.springframework.security.web.access.ExceptionTranslationFilter@2f53e07d, org.springframework.security.web.access.intercept.AuthorizationFilter@204beb58]
[INFO ] 2024-07-09 12:35:48.430 [main] Http11NioProtocol - Starting ProtocolHandler ["http-nio-8081"]
[INFO ] 2024-07-09 12:35:48.452 [main] TomcatWebServer - Tomcat started on port 8081 (http) with context path ''
[INFO ] 2024-07-09 12:35:48.462 [main] EqlApplication - Started EqlApplication in 8.639 seconds (process running for 9.917)
[INFO ] 2024-07-09 12:40:50.221 [http-nio-8081-exec-2] [/] - Initializing Spring DispatcherServlet 'dispatcherServlet'
[INFO ] 2024-07-09 12:40:50.222 [http-nio-8081-exec-2] DispatcherServlet - Initializing Servlet 'dispatcherServlet'
[INFO ] 2024-07-09 12:40:50.224 [http-nio-8081-exec-2] DispatcherServlet - Completed initialization in 2 ms
[WARN ] 2024-07-09 12:53:34.161 [HikariPool-1 housekeeper] HikariPool - HikariPool-1 - Thread starvation or clock leap detected (housekeeper delta=1m20s111ms189µs100ns).
[WARN ] 2024-07-09 13:06:18.668 [HikariPool-1 housekeeper] HikariPool - HikariPool-1 - Thread starvation or clock leap detected (housekeeper delta=1m44s338ms147µs900ns).
